<?xml version="1.0" encoding="UTF-8"?>
<testng-results skipped="0" failed="0" total="1" passed="1">
  <reporter-output>
  </reporter-output>
  <suite name="Default suite" duration-ms="25605" started-at="2018-11-23T08:36:11Z" finished-at="2018-11-23T08:36:37Z">
    <groups>
    </groups>
    <test name="Default test" duration-ms="25605" started-at="2018-11-23T08:36:11Z" finished-at="2018-11-23T08:36:37Z">
      <class name="Com.TestCases.TC_01_ValidateRegisterlink">
        <test-method status="PASS" signature="validate_Registerlink()[pri:0, instance:Com.TestCases.TC_01_ValidateRegisterlink@2f8f11]" name="validate_Registerlink" duration-ms="25525" started-at="2018-11-23T14:06:11Z" finished-at="2018-11-23T14:06:37Z">
          <reporter-output>
          </reporter-output>
        </test-method> <!-- validate_Registerlink -->
      </class> <!-- Com.TestCases.TC_01_ValidateRegisterlink -->
    </test> <!-- Default test -->
  </suite> <!-- Default suite -->
</testng-results>
